2019-12-07 16:24:55 INFO     component           : Using GPU
2019-12-07 16:24:55 INFO     component           : Using GPU
2019-12-07 16:24:55 INFO     component           : Using GPU
2019-12-07 16:24:55 INFO     component           : Using GPU
2019-12-07 16:24:55 WARNING  plos_m3             : VERSION not set, using: final
2019-12-07 16:24:55 WARNING  plos_m3             : DATASET not set, using: final
NOT seasonal
NOT seasonal
NOT seasonal
NOT seasonal
NOT seasonal
NOT seasonal
NOT seasonal
NOT seasonal
NOT seasonal
NOT seasonal
NOT seasonal
NOT seasonal
NOT seasonal
NOT seasonal
NOT seasonal
NOT seasonal
NOT seasonal
NOT seasonal
NOT seasonal
NOT seasonal
NOT seasonal
NOT seasonal
NOT seasonal
NOT seasonal
NOT seasonal
NOT seasonal
NOT seasonal
NOT seasonal
NOT seasonal
NOT seasonal
NOT seasonal
NOT seasonal
NOT seasonal
NOT seasonal
NOT seasonal
NOT seasonal
NOT seasonal
NOT seasonal
NOT seasonal
NOT seasonal
NOT seasonal
NOT seasonal
NOT seasonal
NOT seasonal
NOT seasonal
NOT seasonal
NOT seasonal
NOT seasonal
NOT seasonal
NOT seasonal
NOT seasonal
NOT seasonal
NOT seasonal
NOT seasonal
NOT seasonal
NOT seasonal
NOT seasonal
NOT seasonal
NOT seasonal
NOT seasonal
NOT seasonal
NOT seasonal
NOT seasonal
NOT seasonal
NOT seasonal
NOT seasonal
NOT seasonal
NOT seasonal
NOT seasonal
NOT seasonal
NOT seasonal
NOT seasonal
NOT seasonal
NOT seasonal
NOT seasonal
NOT seasonal
NOT seasonal
NOT seasonal
NOT seasonal
NOT seasonal
NOT seasonal
NOT seasonal
NOT seasonal
NOT seasonal
NOT seasonal
NOT seasonal
NOT seasonal
NOT seasonal
NOT seasonal
NOT seasonal
NOT seasonal
NOT seasonal
NOT seasonal
NOT seasonal
NOT seasonal
NOT seasonal
NOT seasonal
NOT seasonal
NOT seasonal
NOT seasonal
NOT seasonal
NOT seasonal
NOT seasonal
NOT seasonal
NOT seasonal
NOT seasonal
NOT seasonal
NOT seasonal
NOT seasonal
NOT seasonal
NOT seasonal
NOT seasonal
NOT seasonal
NOT seasonal
NOT seasonal
NOT seasonal
NOT seasonal
NOT seasonal
NOT seasonal
NOT seasonal
NOT seasonal
NOT seasonal
NOT seasonal
NOT seasonal
NOT seasonal
NOT seasonal
NOT seasonal
NOT seasonal
NOT seasonal
NOT seasonal
NOT seasonal
NOT seasonal
NOT seasonal
NOT seasonal
NOT seasonal
NOT seasonal
NOT seasonal
NOT seasonal
NOT seasonal
NOT seasonal
NOT seasonal
NOT seasonal
NOT seasonal
NOT seasonal
NOT seasonal
NOT seasonal
NOT seasonal
NOT seasonal
NOT seasonal
NOT seasonal
NOT seasonal
NOT seasonal
NOT seasonal
NOT seasonal
NOT seasonal
NOT seasonal
NOT seasonal
NOT seasonal
NOT seasonal
NOT seasonal
NOT seasonal
NOT seasonal
NOT seasonal
NOT seasonal
NOT seasonal
NOT seasonal
NOT seasonal
NOT seasonal
NOT seasonal
NOT seasonal
NOT seasonal
NOT seasonal
NOT seasonal
NOT seasonal
NOT seasonal
NOT seasonal
NOT seasonal
NOT seasonal
NOT seasonal
NOT seasonal
NOT seasonal
NOT seasonal
NOT seasonal
NOT seasonal
NOT seasonal
NOT seasonal
NOT seasonal
NOT seasonal
NOT seasonal
NOT seasonal
NOT seasonal
NOT seasonal
NOT seasonal
NOT seasonal
NOT seasonal
NOT seasonal
NOT seasonal
NOT seasonal
NOT seasonal
NOT seasonal
NOT seasonal
NOT seasonal
NOT seasonal
NOT seasonal
NOT seasonal
NOT seasonal
NOT seasonal
NOT seasonal
NOT seasonal
NOT seasonal
NOT seasonal
NOT seasonal
NOT seasonal
NOT seasonal
NOT seasonal
NOT seasonal
NOT seasonal
NOT seasonal
NOT seasonal
NOT seasonal
NOT seasonal
NOT seasonal
NOT seasonal
NOT seasonal
NOT seasonal
NOT seasonal
NOT seasonal
NOT seasonal
NOT seasonal
NOT seasonal
NOT seasonal
NOT seasonal
NOT seasonal
NOT seasonal
NOT seasonal
NOT seasonal
NOT seasonal
NOT seasonal
NOT seasonal
NOT seasonal
NOT seasonal
NOT seasonal
NOT seasonal
NOT seasonal
NOT seasonal
NOT seasonal
NOT seasonal
NOT seasonal
NOT seasonal
NOT seasonal
NOT seasonal
NOT seasonal
NOT seasonal
NOT seasonal
NOT seasonal
NOT seasonal
NOT seasonal
NOT seasonal
NOT seasonal
NOT seasonal
NOT seasonal
NOT seasonal
NOT seasonal
NOT seasonal
NOT seasonal
NOT seasonal
NOT seasonal
NOT seasonal
NOT seasonal
NOT seasonal
NOT seasonal
NOT seasonal
NOT seasonal
NOT seasonal
NOT seasonal
NOT seasonal
NOT seasonal
NOT seasonal
NOT seasonal
NOT seasonal
NOT seasonal
NOT seasonal
NOT seasonal
NOT seasonal
NOT seasonal
NOT seasonal
NOT seasonal
NOT seasonal
NOT seasonal
NOT seasonal
NOT seasonal
NOT seasonal
NOT seasonal
NOT seasonal
NOT seasonal
NOT seasonal
NOT seasonal
NOT seasonal
NOT seasonal
NOT seasonal
NOT seasonal
NOT seasonal
NOT seasonal
NOT seasonal
NOT seasonal
NOT seasonal
NOT seasonal
NOT seasonal
NOT seasonal
NOT seasonal
NOT seasonal
NOT seasonal
NOT seasonal
NOT seasonal
NOT seasonal
NOT seasonal
NOT seasonal
NOT seasonal
NOT seasonal
NOT seasonal
NOT seasonal
NOT seasonal
NOT seasonal
NOT seasonal
NOT seasonal
NOT seasonal
NOT seasonal
NOT seasonal
NOT seasonal
NOT seasonal
NOT seasonal
NOT seasonal
NOT seasonal
NOT seasonal
NOT seasonal
NOT seasonal
NOT seasonal
NOT seasonal
NOT seasonal
NOT seasonal
NOT seasonal
NOT seasonal
NOT seasonal
NOT seasonal
NOT seasonal
NOT seasonal
NOT seasonal
NOT seasonal
NOT seasonal
NOT seasonal
NOT seasonal
NOT seasonal
NOT seasonal
NOT seasonal
NOT seasonal
NOT seasonal
NOT seasonal
NOT seasonal
NOT seasonal
NOT seasonal
NOT seasonal
NOT seasonal
NOT seasonal
NOT seasonal
NOT seasonal
NOT seasonal
NOT seasonal
NOT seasonal
NOT seasonal
NOT seasonal
NOT seasonal
NOT seasonal
NOT seasonal
NOT seasonal
NOT seasonal
NOT seasonal
NOT seasonal
NOT seasonal
NOT seasonal
NOT seasonal
NOT seasonal
NOT seasonal
NOT seasonal
NOT seasonal
NOT seasonal
NOT seasonal
NOT seasonal
NOT seasonal
NOT seasonal
NOT seasonal
NOT seasonal
NOT seasonal
NOT seasonal
NOT seasonal
NOT seasonal
NOT seasonal
NOT seasonal
NOT seasonal
NOT seasonal
NOT seasonal
NOT seasonal
NOT seasonal
NOT seasonal
NOT seasonal
NOT seasonal
NOT seasonal
NOT seasonal
NOT seasonal
NOT seasonal
NOT seasonal
NOT seasonal
NOT seasonal
NOT seasonal
NOT seasonal
NOT seasonal
NOT seasonal
NOT seasonal
NOT seasonal
NOT seasonal
NOT seasonal
NOT seasonal
NOT seasonal
NOT seasonal
NOT seasonal
NOT seasonal
NOT seasonal
NOT seasonal
NOT seasonal
NOT seasonal
NOT seasonal
NOT seasonal
NOT seasonal
NOT seasonal
NOT seasonal
NOT seasonal
NOT seasonal
NOT seasonal
NOT seasonal
NOT seasonal
NOT seasonal
NOT seasonal
NOT seasonal
NOT seasonal
NOT seasonal
NOT seasonal
NOT seasonal
NOT seasonal
NOT seasonal
NOT seasonal
NOT seasonal
NOT seasonal
NOT seasonal
NOT seasonal
NOT seasonal
NOT seasonal
NOT seasonal
NOT seasonal
NOT seasonal
NOT seasonal
NOT seasonal
NOT seasonal
NOT seasonal
NOT seasonal
NOT seasonal
NOT seasonal
NOT seasonal
NOT seasonal
NOT seasonal
NOT seasonal
NOT seasonal
NOT seasonal
NOT seasonal
NOT seasonal
NOT seasonal
NOT seasonal
NOT seasonal
NOT seasonal
NOT seasonal
NOT seasonal
NOT seasonal
NOT seasonal
NOT seasonal
NOT seasonal
NOT seasonal
NOT seasonal
NOT seasonal
NOT seasonal
NOT seasonal
NOT seasonal
NOT seasonal
NOT seasonal
NOT seasonal
NOT seasonal
NOT seasonal
NOT seasonal
NOT seasonal
NOT seasonal
NOT seasonal
NOT seasonal
NOT seasonal
NOT seasonal
NOT seasonal
NOT seasonal
NOT seasonal
NOT seasonal
NOT seasonal
NOT seasonal
NOT seasonal
NOT seasonal
NOT seasonal
NOT seasonal
NOT seasonal
NOT seasonal
NOT seasonal
NOT seasonal
NOT seasonal
NOT seasonal
NOT seasonal
NOT seasonal
NOT seasonal
NOT seasonal
NOT seasonal
NOT seasonal
NOT seasonal
NOT seasonal
NOT seasonal
NOT seasonal
NOT seasonal
NOT seasonal
NOT seasonal
NOT seasonal
NOT seasonal
NOT seasonal
NOT seasonal
NOT seasonal
NOT seasonal
NOT seasonal
NOT seasonal
NOT seasonal
NOT seasonal
NOT seasonal
NOT seasonal
NOT seasonal
NOT seasonal
NOT seasonal
NOT seasonal
NOT seasonal
NOT seasonal
NOT seasonal
NOT seasonal
NOT seasonal
NOT seasonal
NOT seasonal
NOT seasonal
NOT seasonal
NOT seasonal
NOT seasonal
NOT seasonal
NOT seasonal
NOT seasonal
NOT seasonal
NOT seasonal
NOT seasonal
NOT seasonal
NOT seasonal
NOT seasonal
NOT seasonal
NOT seasonal
NOT seasonal
NOT seasonal
NOT seasonal
NOT seasonal
NOT seasonal
NOT seasonal
NOT seasonal
NOT seasonal
NOT seasonal
NOT seasonal
NOT seasonal
NOT seasonal
NOT seasonal
NOT seasonal
NOT seasonal
NOT seasonal
NOT seasonal
NOT seasonal
NOT seasonal
NOT seasonal
NOT seasonal
NOT seasonal
NOT seasonal
NOT seasonal
NOT seasonal
NOT seasonal
NOT seasonal
NOT seasonal
NOT seasonal
NOT seasonal
NOT seasonal
NOT seasonal
NOT seasonal
NOT seasonal
NOT seasonal
NOT seasonal
NOT seasonal
NOT seasonal
NOT seasonal
NOT seasonal
NOT seasonal
NOT seasonal
NOT seasonal
NOT seasonal
NOT seasonal
NOT seasonal
NOT seasonal
NOT seasonal
NOT seasonal
NOT seasonal
NOT seasonal
NOT seasonal
NOT seasonal
NOT seasonal
NOT seasonal
NOT seasonal
NOT seasonal
NOT seasonal
NOT seasonal
NOT seasonal
NOT seasonal
NOT seasonal
NOT seasonal2019-12-07 16:24:55 INFO     plos_m3             : Params: {'model': {'dar_dropout_rate': 0.11408673454965677, 'num_cells': 512, 'num_layers': 3, 'type': 'DeepAREstimator'}, 'trainer': {'batch_size': 200, 'learning_rate': 0.0009585442459283113, 'learning_rate_decay_factor': 0.6412444747653523, 'max_epochs': 1000, 'minimum_learning_rate': 1.857482099265628e-06, 'num_batches_per_epoch': 80, 'patience': 80, 'weight_decay': 8.213239578665893e-08}} 
2019-12-07 16:24:55 INFO     plos_m3             : Fitting: DeepAREstimator
2019-12-07 16:24:55 INFO     plos_m3             : gluonts.model.deepar._estimator.DeepAREstimator(cardinality=[1045, 6], cell_type="lstm", context_length=None, distr_output=gluonts.distribution.student_t.StudentTOutput(), dropout_rate=0.11408673454965677, embedding_dimension=None, freq="M", lags_seq=None, num_cells=512, num_layers=3, num_parallel_samples=1, prediction_length=18, scaling=True, time_features=None, trainer=gluonts.trainer._base.Trainer(batch_size=200, clip_gradient=10.0, ctx=mxnet.context.Context("gpu", 0), epochs=1000, hybridize=True, init="xavier", learning_rate=0.0009585442459283113, learning_rate_decay_factor=0.6412444747653523, minimum_learning_rate=1.857482099265628e-06, num_batches_per_epoch=80, patience=80, weight_decay=8.213239578665893e-08), use_feat_dynamic_real=False, use_feat_static_cat=True, use_feat_static_real=False)
2019-12-07 16:24:55 INFO     _base               : Start model training
2019-12-07 16:24:57 INFO     _base               : Epoch[0] Learning rate is 0.0009585442459283113
2019-12-07 16:24:57 INFO     _base               : Number of parameters in DeepARTrainingNetwork: 5458479
2019-12-07 16:25:06 INFO     _base               : Epoch[0] Elapsed time 9.208 seconds
2019-12-07 16:25:06 INFO     _base               : Epoch[0] Evaluation metric 'epoch_loss'=8.5143
2019-12-07 16:26:27 INFO     _base               : Epoch[10] Learning rate is 0.0009585442459283113
2019-12-07 16:26:36 INFO     _base               : Epoch[10] Elapsed time 9.034 seconds
2019-12-07 16:26:36 INFO     _base               : Epoch[10] Evaluation metric 'epoch_loss'=7.0481
2019-12-07 16:27:58 INFO     _base               : Epoch[20] Learning rate is 0.0009585442459283113
2019-12-07 16:28:07 INFO     _base               : Epoch[20] Elapsed time 9.106 seconds
2019-12-07 16:28:07 INFO     _base               : Epoch[20] Evaluation metric 'epoch_loss'=6.9005
2019-12-07 16:29:29 INFO     _base               : Epoch[30] Learning rate is 0.0009585442459283113
2019-12-07 16:29:38 INFO     _base               : Epoch[30] Elapsed time 9.112 seconds
2019-12-07 16:29:38 INFO     _base               : Epoch[30] Evaluation metric 'epoch_loss'=6.6695
2019-12-07 16:31:00 INFO     _base               : Epoch[40] Learning rate is 0.0009585442459283113
2019-12-07 16:31:09 INFO     _base               : Epoch[40] Elapsed time 9.099 seconds
2019-12-07 16:31:09 INFO     _base               : Epoch[40] Evaluation metric 'epoch_loss'=6.5651
2019-12-07 16:32:32 INFO     _base               : Epoch[50] Learning rate is 0.0009585442459283113
2019-12-07 16:32:41 INFO     _base               : Epoch[50] Elapsed time 9.122 seconds
2019-12-07 16:32:41 INFO     _base               : Epoch[50] Evaluation metric 'epoch_loss'=6.4578
2019-12-07 16:34:03 INFO     _base               : Epoch[60] Learning rate is 0.0009585442459283113
2019-12-07 16:34:12 INFO     _base               : Epoch[60] Elapsed time 9.114 seconds
2019-12-07 16:34:12 INFO     _base               : Epoch[60] Evaluation metric 'epoch_loss'=6.2955
2019-12-07 16:35:35 INFO     _base               : Epoch[70] Learning rate is 0.0009585442459283113
2019-12-07 16:35:44 INFO     _base               : Epoch[70] Elapsed time 9.128 seconds
2019-12-07 16:35:44 INFO     _base               : Epoch[70] Evaluation metric 'epoch_loss'=6.1868
2019-12-07 16:37:06 INFO     _base               : Epoch[80] Learning rate is 0.0009585442459283113
2019-12-07 16:37:15 INFO     _base               : Epoch[80] Elapsed time 9.140 seconds
2019-12-07 16:37:15 INFO     _base               : Epoch[80] Evaluation metric 'epoch_loss'=6.0332
2019-12-07 16:38:38 INFO     _base               : Epoch[90] Learning rate is 0.0009585442459283113
2019-12-07 16:38:47 INFO     _base               : Epoch[90] Elapsed time 9.138 seconds
2019-12-07 16:38:47 INFO     _base               : Epoch[90] Evaluation metric 'epoch_loss'=5.9228
2019-12-07 16:40:09 INFO     _base               : Epoch[100] Learning rate is 0.0009585442459283113
2019-12-07 16:40:18 INFO     _base               : Epoch[100] Elapsed time 9.135 seconds
2019-12-07 16:40:18 INFO     _base               : Epoch[100] Evaluation metric 'epoch_loss'=5.9097
2019-12-07 16:41:40 INFO     _base               : Epoch[110] Learning rate is 0.0009585442459283113
2019-12-07 16:41:49 INFO     _base               : Epoch[110] Elapsed time 9.138 seconds
2019-12-07 16:41:49 INFO     _base               : Epoch[110] Evaluation metric 'epoch_loss'=5.7427
2019-12-07 16:43:12 INFO     _base               : Epoch[120] Learning rate is 0.0009585442459283113
2019-12-07 16:43:21 INFO     _base               : Epoch[120] Elapsed time 9.127 seconds
2019-12-07 16:43:21 INFO     _base               : Epoch[120] Evaluation metric 'epoch_loss'=5.6524
2019-12-07 16:44:43 INFO     _base               : Epoch[130] Learning rate is 0.0009585442459283113
2019-12-07 16:44:52 INFO     _base               : Epoch[130] Elapsed time 9.136 seconds
2019-12-07 16:44:52 INFO     _base               : Epoch[130] Evaluation metric 'epoch_loss'=5.5803
2019-12-07 16:46:15 INFO     _base               : Epoch[140] Learning rate is 0.0009585442459283113
2019-12-07 16:46:24 INFO     _base               : Epoch[140] Elapsed time 9.125 seconds
2019-12-07 16:46:24 INFO     _base               : Epoch[140] Evaluation metric 'epoch_loss'=5.5168
2019-12-07 16:47:46 INFO     _base               : Epoch[150] Learning rate is 0.0009585442459283113
2019-12-07 16:47:55 INFO     _base               : Epoch[150] Elapsed time 9.125 seconds
2019-12-07 16:47:55 INFO     _base               : Epoch[150] Evaluation metric 'epoch_loss'=5.4715
2019-12-07 16:49:17 INFO     _base               : Epoch[160] Learning rate is 0.0009585442459283113
2019-12-07 16:49:26 INFO     _base               : Epoch[160] Elapsed time 9.115 seconds
2019-12-07 16:49:26 INFO     _base               : Epoch[160] Evaluation metric 'epoch_loss'=5.4264
2019-12-07 16:50:49 INFO     _base               : Epoch[170] Learning rate is 0.0009585442459283113
2019-12-07 16:50:58 INFO     _base               : Epoch[170] Elapsed time 9.130 seconds
2019-12-07 16:50:58 INFO     _base               : Epoch[170] Evaluation metric 'epoch_loss'=5.3726
2019-12-07 16:52:20 INFO     _base               : Epoch[180] Learning rate is 0.0009585442459283113
2019-12-07 16:52:29 INFO     _base               : Epoch[180] Elapsed time 9.126 seconds
2019-12-07 16:52:29 INFO     _base               : Epoch[180] Evaluation metric 'epoch_loss'=5.3475
2019-12-07 16:53:51 INFO     _base               : Epoch[190] Learning rate is 0.0009585442459283113
2019-12-07 16:54:00 INFO     _base               : Epoch[190] Elapsed time 9.143 seconds
2019-12-07 16:54:00 INFO     _base               : Epoch[190] Evaluation metric 'epoch_loss'=5.2876
2019-12-07 16:55:23 INFO     _base               : Epoch[200] Learning rate is 0.0009585442459283113
2019-12-07 16:55:32 INFO     _base               : Epoch[200] Elapsed time 9.141 seconds
2019-12-07 16:55:32 INFO     _base               : Epoch[200] Evaluation metric 'epoch_loss'=5.2473
2019-12-07 16:56:54 INFO     _base               : Epoch[210] Learning rate is 0.0009585442459283113
2019-12-07 16:57:03 INFO     _base               : Epoch[210] Elapsed time 9.113 seconds
2019-12-07 16:57:03 INFO     _base               : Epoch[210] Evaluation metric 'epoch_loss'=5.2154
2019-12-07 16:58:25 INFO     _base               : Epoch[220] Learning rate is 0.0009585442459283113
2019-12-07 16:58:35 INFO     _base               : Epoch[220] Elapsed time 9.142 seconds
2019-12-07 16:58:35 INFO     _base               : Epoch[220] Evaluation metric 'epoch_loss'=5.1924
2019-12-07 16:59:57 INFO     _base               : Epoch[230] Learning rate is 0.0009585442459283113
2019-12-07 17:00:06 INFO     _base               : Epoch[230] Elapsed time 9.145 seconds
2019-12-07 17:00:06 INFO     _base               : Epoch[230] Evaluation metric 'epoch_loss'=5.1707
2019-12-07 17:01:28 INFO     _base               : Epoch[240] Learning rate is 0.0009585442459283113
2019-12-07 17:01:37 INFO     _base               : Epoch[240] Elapsed time 9.135 seconds
2019-12-07 17:01:37 INFO     _base               : Epoch[240] Evaluation metric 'epoch_loss'=5.1705
2019-12-07 17:02:59 INFO     _base               : Epoch[250] Learning rate is 0.0009585442459283113
2019-12-07 17:03:08 INFO     _base               : Epoch[250] Elapsed time 9.137 seconds
2019-12-07 17:03:08 INFO     _base               : Epoch[250] Evaluation metric 'epoch_loss'=5.1729
2019-12-07 17:04:31 INFO     _base               : Epoch[260] Learning rate is 0.0009585442459283113
2019-12-07 17:04:40 INFO     _base               : Epoch[260] Elapsed time 9.132 seconds
2019-12-07 17:04:40 INFO     _base               : Epoch[260] Evaluation metric 'epoch_loss'=5.0997
2019-12-07 17:06:02 INFO     _base               : Epoch[270] Learning rate is 0.0009585442459283113
2019-12-07 17:06:11 INFO     _base               : Epoch[270] Elapsed time 9.108 seconds
2019-12-07 17:06:11 INFO     _base               : Epoch[270] Evaluation metric 'epoch_loss'=5.0704
2019-12-07 17:07:33 INFO     _base               : Epoch[280] Learning rate is 0.0009585442459283113
2019-12-07 17:07:42 INFO     _base               : Epoch[280] Elapsed time 9.120 seconds
2019-12-07 17:07:42 INFO     _base               : Epoch[280] Evaluation metric 'epoch_loss'=5.0194
2019-12-07 17:09:04 INFO     _base               : Epoch[290] Learning rate is 0.0009585442459283113
2019-12-07 17:09:14 INFO     _base               : Epoch[290] Elapsed time 9.140 seconds
2019-12-07 17:09:14 INFO     _base               : Epoch[290] Evaluation metric 'epoch_loss'=5.0114
2019-12-07 17:10:36 INFO     _base               : Epoch[300] Learning rate is 0.0009585442459283113
2019-12-07 17:10:45 INFO     _base               : Epoch[300] Elapsed time 9.137 seconds
2019-12-07 17:10:45 INFO     _base               : Epoch[300] Evaluation metric 'epoch_loss'=4.9861
2019-12-07 17:12:07 INFO     _base               : Epoch[310] Learning rate is 0.0009585442459283113
2019-12-07 17:12:16 INFO     _base               : Epoch[310] Elapsed time 9.133 seconds
2019-12-07 17:12:16 INFO     _base               : Epoch[310] Evaluation metric 'epoch_loss'=4.9702
2019-12-07 17:13:38 INFO     _base               : Epoch[320] Learning rate is 0.0009585442459283113
2019-12-07 17:13:48 INFO     _base               : Epoch[320] Elapsed time 9.122 seconds
2019-12-07 17:13:48 INFO     _base               : Epoch[320] Evaluation metric 'epoch_loss'=4.9739
2019-12-07 17:15:10 INFO     _base               : Epoch[330] Learning rate is 0.0009585442459283113
2019-12-07 17:15:19 INFO     _base               : Epoch[330] Elapsed time 9.148 seconds
2019-12-07 17:15:19 INFO     _base               : Epoch[330] Evaluation metric 'epoch_loss'=4.9336
2019-12-07 17:16:41 INFO     _base               : Epoch[340] Learning rate is 0.0009585442459283113
2019-12-07 17:16:50 INFO     _base               : Epoch[340] Elapsed time 9.135 seconds
2019-12-07 17:16:50 INFO     _base               : Epoch[340] Evaluation metric 'epoch_loss'=4.9358
2019-12-07 17:18:12 INFO     _base               : Epoch[350] Learning rate is 0.0009585442459283113
2019-12-07 17:18:21 INFO     _base               : Epoch[350] Elapsed time 9.147 seconds
2019-12-07 17:18:21 INFO     _base               : Epoch[350] Evaluation metric 'epoch_loss'=4.9118
2019-12-07 17:19:44 INFO     _base               : Epoch[360] Learning rate is 0.0009585442459283113
2019-12-07 17:19:53 INFO     _base               : Epoch[360] Elapsed time 9.147 seconds
2019-12-07 17:19:53 INFO     _base               : Epoch[360] Evaluation metric 'epoch_loss'=4.9238
2019-12-07 17:21:15 INFO     _base               : Epoch[370] Learning rate is 0.0009585442459283113
2019-12-07 17:21:24 INFO     _base               : Epoch[370] Elapsed time 9.119 seconds
2019-12-07 17:21:24 INFO     _base               : Epoch[370] Evaluation metric 'epoch_loss'=4.8870
2019-12-07 17:22:47 INFO     _base               : Epoch[380] Learning rate is 0.0009585442459283113
2019-12-07 17:22:56 INFO     _base               : Epoch[380] Elapsed time 9.134 seconds
2019-12-07 17:22:56 INFO     _base               : Epoch[380] Evaluation metric 'epoch_loss'=4.8819
2019-12-07 17:24:18 INFO     _base               : Epoch[390] Learning rate is 0.0009585442459283113
2019-12-07 17:24:27 INFO     _base               : Epoch[390] Elapsed time 9.152 seconds
2019-12-07 17:24:27 INFO     _base               : Epoch[390] Evaluation metric 'epoch_loss'=4.8655
2019-12-07 17:25:49 INFO     _base               : Epoch[400] Learning rate is 0.0009585442459283113
2019-12-07 17:25:58 INFO     _base               : Epoch[400] Elapsed time 9.125 seconds
2019-12-07 17:25:58 INFO     _base               : Epoch[400] Evaluation metric 'epoch_loss'=4.8389
2019-12-07 17:27:21 INFO     _base               : Epoch[410] Learning rate is 0.0009585442459283113
2019-12-07 17:27:30 INFO     _base               : Epoch[410] Elapsed time 9.134 seconds
2019-12-07 17:27:30 INFO     _base               : Epoch[410] Evaluation metric 'epoch_loss'=4.8474
2019-12-07 17:28:52 INFO     _base               : Epoch[420] Learning rate is 0.0009585442459283113
2019-12-07 17:29:01 INFO     _base               : Epoch[420] Elapsed time 9.169 seconds
2019-12-07 17:29:01 INFO     _base               : Epoch[420] Evaluation metric 'epoch_loss'=4.8676
2019-12-07 17:30:23 INFO     _base               : Epoch[430] Learning rate is 0.0009585442459283113
2019-12-07 17:30:33 INFO     _base               : Epoch[430] Elapsed time 9.144 seconds
2019-12-07 17:30:33 INFO     _base               : Epoch[430] Evaluation metric 'epoch_loss'=4.7999
2019-12-07 17:31:55 INFO     _base               : Epoch[440] Learning rate is 0.0009585442459283113
2019-12-07 17:32:04 INFO     _base               : Epoch[440] Elapsed time 9.126 seconds
2019-12-07 17:32:04 INFO     _base               : Epoch[440] Evaluation metric 'epoch_loss'=4.8168
2019-12-07 17:33:26 INFO     _base               : Epoch[450] Learning rate is 0.0009585442459283113
2019-12-07 17:33:35 INFO     _base               : Epoch[450] Elapsed time 9.117 seconds
2019-12-07 17:33:35 INFO     _base               : Epoch[450] Evaluation metric 'epoch_loss'=4.7959
2019-12-07 17:34:58 INFO     _base               : Epoch[460] Learning rate is 0.0009585442459283113
2019-12-07 17:35:07 INFO     _base               : Epoch[460] Elapsed time 9.135 seconds
2019-12-07 17:35:07 INFO     _base               : Epoch[460] Evaluation metric 'epoch_loss'=4.7544
2019-12-07 17:36:29 INFO     _base               : Epoch[470] Learning rate is 0.0009585442459283113
2019-12-07 17:36:38 INFO     _base               : Epoch[470] Elapsed time 9.110 seconds
2019-12-07 17:36:38 INFO     _base               : Epoch[470] Evaluation metric 'epoch_loss'=4.7822
2019-12-07 17:38:00 INFO     _base               : Epoch[480] Learning rate is 0.0009585442459283113
2019-12-07 17:38:09 INFO     _base               : Epoch[480] Elapsed time 9.131 seconds
2019-12-07 17:38:09 INFO     _base               : Epoch[480] Evaluation metric 'epoch_loss'=4.7842
2019-12-07 17:39:32 INFO     _base               : Epoch[490] Learning rate is 0.0009585442459283113
2019-12-07 17:39:41 INFO     _base               : Epoch[490] Elapsed time 9.144 seconds
2019-12-07 17:39:41 INFO     _base               : Epoch[490] Evaluation metric 'epoch_loss'=4.7744
2019-12-07 17:41:03 INFO     _base               : Epoch[500] Learning rate is 0.0009585442459283113
2019-12-07 17:41:12 INFO     _base               : Epoch[500] Elapsed time 9.137 seconds
2019-12-07 17:41:12 INFO     _base               : Epoch[500] Evaluation metric 'epoch_loss'=4.7314
2019-12-07 17:42:34 INFO     _base               : Epoch[510] Learning rate is 0.0009585442459283113
2019-12-07 17:42:43 INFO     _base               : Epoch[510] Elapsed time 9.119 seconds
2019-12-07 17:42:43 INFO     _base               : Epoch[510] Evaluation metric 'epoch_loss'=4.6866
2019-12-07 17:44:05 INFO     _base               : Epoch[520] Learning rate is 0.0009585442459283113
2019-12-07 17:44:14 INFO     _base               : Epoch[520] Elapsed time 9.138 seconds
2019-12-07 17:44:14 INFO     _base               : Epoch[520] Evaluation metric 'epoch_loss'=4.7063
2019-12-07 17:45:37 INFO     _base               : Epoch[530] Learning rate is 0.0009585442459283113
2019-12-07 17:45:46 INFO     _base               : Epoch[530] Elapsed time 9.145 seconds
2019-12-07 17:45:46 INFO     _base               : Epoch[530] Evaluation metric 'epoch_loss'=4.6713
2019-12-07 17:47:08 INFO     _base               : Epoch[540] Learning rate is 0.0009585442459283113
2019-12-07 17:47:17 INFO     _base               : Epoch[540] Elapsed time 9.150 seconds
2019-12-07 17:47:17 INFO     _base               : Epoch[540] Evaluation metric 'epoch_loss'=4.7077
2019-12-07 17:48:40 INFO     _base               : Epoch[550] Learning rate is 0.0009585442459283113
2019-12-07 17:48:49 INFO     _base               : Epoch[550] Elapsed time 9.123 seconds
2019-12-07 17:48:49 INFO     _base               : Epoch[550] Evaluation metric 'epoch_loss'=4.6541
2019-12-07 17:50:11 INFO     _base               : Epoch[560] Learning rate is 0.0009585442459283113
2019-12-07 17:50:20 INFO     _base               : Epoch[560] Elapsed time 9.093 seconds
2019-12-07 17:50:20 INFO     _base               : Epoch[560] Evaluation metric 'epoch_loss'=4.6706
2019-12-07 17:51:42 INFO     _base               : Epoch[570] Learning rate is 0.0009585442459283113
2019-12-07 17:51:51 INFO     _base               : Epoch[570] Elapsed time 9.137 seconds
2019-12-07 17:51:51 INFO     _base               : Epoch[570] Evaluation metric 'epoch_loss'=4.6450
2019-12-07 17:53:14 INFO     _base               : Epoch[580] Learning rate is 0.0009585442459283113
2019-12-07 17:53:23 INFO     _base               : Epoch[580] Elapsed time 9.121 seconds
2019-12-07 17:53:23 INFO     _base               : Epoch[580] Evaluation metric 'epoch_loss'=4.7353
2019-12-07 17:54:45 INFO     _base               : Epoch[590] Learning rate is 0.0009585442459283113
2019-12-07 17:54:54 INFO     _base               : Epoch[590] Elapsed time 9.140 seconds
2019-12-07 17:54:54 INFO     _base               : Epoch[590] Evaluation metric 'epoch_loss'=4.6673
2019-12-07 17:56:16 INFO     _base               : Epoch[600] Learning rate is 0.0009585442459283113
2019-12-07 17:56:25 INFO     _base               : Epoch[600] Elapsed time 9.104 seconds
2019-12-07 17:56:25 INFO     _base               : Epoch[600] Evaluation metric 'epoch_loss'=4.5877
2019-12-07 17:57:48 INFO     _base               : Epoch[610] Learning rate is 0.0009585442459283113
2019-12-07 17:57:57 INFO     _base               : Epoch[610] Elapsed time 9.157 seconds
2019-12-07 17:57:57 INFO     _base               : Epoch[610] Evaluation metric 'epoch_loss'=4.5924
2019-12-07 17:59:19 INFO     _base               : Epoch[620] Learning rate is 0.0009585442459283113
2019-12-07 17:59:28 INFO     _base               : Epoch[620] Elapsed time 9.137 seconds
2019-12-07 17:59:28 INFO     _base               : Epoch[620] Evaluation metric 'epoch_loss'=4.6121
2019-12-07 18:00:50 INFO     _base               : Epoch[630] Learning rate is 0.0009585442459283113
2019-12-07 18:01:00 INFO     _base               : Epoch[630] Elapsed time 9.140 seconds
2019-12-07 18:01:00 INFO     _base               : Epoch[630] Evaluation metric 'epoch_loss'=4.5946
2019-12-07 18:02:22 INFO     _base               : Epoch[640] Learning rate is 0.0009585442459283113
2019-12-07 18:02:31 INFO     _base               : Epoch[640] Elapsed time 9.137 seconds
2019-12-07 18:02:31 INFO     _base               : Epoch[640] Evaluation metric 'epoch_loss'=4.6334
2019-12-07 18:03:53 INFO     _base               : Epoch[650] Learning rate is 0.0009585442459283113
2019-12-07 18:04:02 INFO     _base               : Epoch[650] Elapsed time 9.124 seconds
2019-12-07 18:04:02 INFO     _base               : Epoch[650] Evaluation metric 'epoch_loss'=4.6615
2019-12-07 18:05:24 INFO     _base               : Epoch[660] Learning rate is 0.0009585442459283113
2019-12-07 18:05:34 INFO     _base               : Epoch[660] Elapsed time 9.168 seconds
2019-12-07 18:05:34 INFO     _base               : Epoch[660] Evaluation metric 'epoch_loss'=4.5502
2019-12-07 18:06:56 INFO     _base               : Epoch[670] Learning rate is 0.0009585442459283113
2019-12-07 18:07:05 INFO     _base               : Epoch[670] Elapsed time 9.151 seconds
2019-12-07 18:07:05 INFO     _base               : Epoch[670] Evaluation metric 'epoch_loss'=4.6260
2019-12-07 18:08:27 INFO     _base               : Epoch[680] Learning rate is 0.0009585442459283113
2019-12-07 18:08:36 INFO     _base               : Epoch[680] Elapsed time 9.132 seconds
2019-12-07 18:08:36 INFO     _base               : Epoch[680] Evaluation metric 'epoch_loss'=4.6040
2019-12-07 18:09:59 INFO     _base               : Epoch[690] Learning rate is 0.0009585442459283113
2019-12-07 18:10:08 INFO     _base               : Epoch[690] Elapsed time 9.161 seconds
2019-12-07 18:10:08 INFO     _base               : Epoch[690] Evaluation metric 'epoch_loss'=4.5362
2019-12-07 18:11:30 INFO     _base               : Epoch[700] Learning rate is 0.0009585442459283113
2019-12-07 18:11:39 INFO     _base               : Epoch[700] Elapsed time 9.121 seconds
2019-12-07 18:11:39 INFO     _base               : Epoch[700] Evaluation metric 'epoch_loss'=4.5449
2019-12-07 18:13:02 INFO     _base               : Epoch[710] Learning rate is 0.0009585442459283113
2019-12-07 18:13:11 INFO     _base               : Epoch[710] Elapsed time 9.157 seconds
2019-12-07 18:13:11 INFO     _base               : Epoch[710] Evaluation metric 'epoch_loss'=4.5075
2019-12-07 18:14:33 INFO     _base               : Epoch[720] Learning rate is 0.0009585442459283113
2019-12-07 18:14:42 INFO     _base               : Epoch[720] Elapsed time 9.136 seconds
2019-12-07 18:14:42 INFO     _base               : Epoch[720] Evaluation metric 'epoch_loss'=4.5571
2019-12-07 18:16:04 INFO     _base               : Epoch[730] Learning rate is 0.0009585442459283113
2019-12-07 18:16:13 INFO     _base               : Epoch[730] Elapsed time 9.127 seconds
2019-12-07 18:16:13 INFO     _base               : Epoch[730] Evaluation metric 'epoch_loss'=4.5663
2019-12-07 18:17:36 INFO     _base               : Epoch[740] Learning rate is 0.0009585442459283113
2019-12-07 18:17:45 INFO     _base               : Epoch[740] Elapsed time 9.132 seconds
2019-12-07 18:17:45 INFO     _base               : Epoch[740] Evaluation metric 'epoch_loss'=4.6148
2019-12-07 18:19:07 INFO     _base               : Epoch[750] Learning rate is 0.0009585442459283113
2019-12-07 18:19:16 INFO     _base               : Epoch[750] Elapsed time 9.132 seconds
2019-12-07 18:19:16 INFO     _base               : Epoch[750] Evaluation metric 'epoch_loss'=4.4976
2019-12-07 18:20:38 INFO     _base               : Epoch[760] Learning rate is 0.0009585442459283113
2019-12-07 18:20:48 INFO     _base               : Epoch[760] Elapsed time 9.130 seconds
2019-12-07 18:20:48 INFO     _base               : Epoch[760] Evaluation metric 'epoch_loss'=4.6486
2019-12-07 18:22:10 INFO     _base               : Epoch[770] Learning rate is 0.0009585442459283113
2019-12-07 18:22:19 INFO     _base               : Epoch[770] Elapsed time 9.114 seconds
2019-12-07 18:22:19 INFO     _base               : Epoch[770] Evaluation metric 'epoch_loss'=4.5496
2019-12-07 18:23:41 INFO     _base               : Epoch[780] Learning rate is 0.0009585442459283113
2019-12-07 18:23:50 INFO     _base               : Epoch[780] Elapsed time 9.142 seconds
2019-12-07 18:23:50 INFO     _base               : Epoch[780] Evaluation metric 'epoch_loss'=4.5599
2019-12-07 18:25:12 INFO     _base               : Epoch[790] Learning rate is 0.0009585442459283113
2019-12-07 18:25:22 INFO     _base               : Epoch[790] Elapsed time 9.115 seconds
2019-12-07 18:25:22 INFO     _base               : Epoch[790] Evaluation metric 'epoch_loss'=4.5569
2019-12-07 18:26:44 INFO     _base               : Epoch[800] Learning rate is 0.0009585442459283113
2019-12-07 18:26:53 INFO     _base               : Epoch[800] Elapsed time 9.148 seconds
2019-12-07 18:26:53 INFO     _base               : Epoch[800] Evaluation metric 'epoch_loss'=4.5381
2019-12-07 18:28:15 INFO     _base               : Epoch[810] Learning rate is 0.0009585442459283113
2019-12-07 18:28:24 INFO     _base               : Epoch[810] Elapsed time 9.138 seconds
2019-12-07 18:28:24 INFO     _base               : Epoch[810] Evaluation metric 'epoch_loss'=4.6777
2019-12-07 18:29:47 INFO     _base               : Epoch[820] Learning rate is 0.0009585442459283113
2019-12-07 18:29:56 INFO     _base               : Epoch[820] Elapsed time 9.131 seconds
2019-12-07 18:29:56 INFO     _base               : Epoch[820] Evaluation metric 'epoch_loss'=4.4872
2019-12-07 18:31:18 INFO     _base               : Epoch[830] Learning rate is 0.0009585442459283113
2019-12-07 18:31:27 INFO     _base               : Epoch[830] Elapsed time 9.125 seconds
2019-12-07 18:31:27 INFO     _base               : Epoch[830] Evaluation metric 'epoch_loss'=4.4779
2019-12-07 18:32:49 INFO     _base               : Epoch[840] Learning rate is 0.0009585442459283113
2019-12-07 18:32:58 INFO     _base               : Epoch[840] Elapsed time 9.127 seconds
2019-12-07 18:32:58 INFO     _base               : Epoch[840] Evaluation metric 'epoch_loss'=4.4659
2019-12-07 18:34:21 INFO     _base               : Epoch[850] Learning rate is 0.0009585442459283113
2019-12-07 18:34:30 INFO     _base               : Epoch[850] Elapsed time 9.132 seconds
2019-12-07 18:34:30 INFO     _base               : Epoch[850] Evaluation metric 'epoch_loss'=4.5550
2019-12-07 18:35:52 INFO     _base               : Epoch[860] Learning rate is 0.0009585442459283113
2019-12-07 18:36:01 INFO     _base               : Epoch[860] Elapsed time 9.116 seconds
2019-12-07 18:36:01 INFO     _base               : Epoch[860] Evaluation metric 'epoch_loss'=4.6305
2019-12-07 18:37:23 INFO     _base               : Epoch[870] Learning rate is 0.0009585442459283113
2019-12-07 18:37:32 INFO     _base               : Epoch[870] Elapsed time 9.123 seconds
2019-12-07 18:37:32 INFO     _base               : Epoch[870] Evaluation metric 'epoch_loss'=4.4990
2019-12-07 18:38:55 INFO     _base               : Epoch[880] Learning rate is 0.0009585442459283113
2019-12-07 18:39:04 INFO     _base               : Epoch[880] Elapsed time 9.132 seconds
2019-12-07 18:39:04 INFO     _base               : Epoch[880] Evaluation metric 'epoch_loss'=4.6577
2019-12-07 18:40:26 INFO     _base               : Epoch[890] Learning rate is 0.0009585442459283113
2019-12-07 18:40:35 INFO     _base               : Epoch[890] Elapsed time 9.144 seconds
2019-12-07 18:40:35 INFO     _base               : Epoch[890] Evaluation metric 'epoch_loss'=4.6211
2019-12-07 18:41:57 INFO     _base               : Epoch[900] Learning rate is 0.0009585442459283113
2019-12-07 18:42:07 INFO     _base               : Epoch[900] Elapsed time 9.133 seconds
2019-12-07 18:42:07 INFO     _base               : Epoch[900] Evaluation metric 'epoch_loss'=4.4371
2019-12-07 18:43:29 INFO     _base               : Epoch[910] Learning rate is 0.0009585442459283113
2019-12-07 18:43:38 INFO     _base               : Epoch[910] Elapsed time 9.128 seconds
2019-12-07 18:43:38 INFO     _base               : Epoch[910] Evaluation metric 'epoch_loss'=4.4273
2019-12-07 18:45:00 INFO     _base               : Epoch[920] Learning rate is 0.0009585442459283113
2019-12-07 18:45:09 INFO     _base               : Epoch[920] Elapsed time 9.138 seconds
2019-12-07 18:45:09 INFO     _base               : Epoch[920] Evaluation metric 'epoch_loss'=4.5507
2019-12-07 18:46:31 INFO     _base               : Epoch[930] Learning rate is 0.0009585442459283113
2019-12-07 18:46:41 INFO     _base               : Epoch[930] Elapsed time 9.139 seconds
2019-12-07 18:46:41 INFO     _base               : Epoch[930] Evaluation metric 'epoch_loss'=4.5748
2019-12-07 18:48:03 INFO     _base               : Epoch[940] Learning rate is 0.0009585442459283113
2019-12-07 18:48:12 INFO     _base               : Epoch[940] Elapsed time 9.116 seconds
2019-12-07 18:48:12 INFO     _base               : Epoch[940] Evaluation metric 'epoch_loss'=4.4220
2019-12-07 18:49:34 INFO     _base               : Epoch[950] Learning rate is 0.0009585442459283113
2019-12-07 18:49:43 INFO     _base               : Epoch[950] Elapsed time 9.100 seconds
2019-12-07 18:49:43 INFO     _base               : Epoch[950] Evaluation metric 'epoch_loss'=4.5340
2019-12-07 18:51:05 INFO     _base               : Epoch[960] Learning rate is 0.0009585442459283113
2019-12-07 18:51:14 INFO     _base               : Epoch[960] Elapsed time 9.126 seconds
2019-12-07 18:51:14 INFO     _base               : Epoch[960] Evaluation metric 'epoch_loss'=4.5458
2019-12-07 18:52:37 INFO     _base               : Epoch[970] Learning rate is 0.0009585442459283113
2019-12-07 18:52:46 INFO     _base               : Epoch[970] Elapsed time 9.131 seconds
2019-12-07 18:52:46 INFO     _base               : Epoch[970] Evaluation metric 'epoch_loss'=4.3893
2019-12-07 18:54:08 INFO     _base               : Epoch[980] Learning rate is 0.0009585442459283113
2019-12-07 18:54:17 INFO     _base               : Epoch[980] Elapsed time 9.117 seconds
2019-12-07 18:54:17 INFO     _base               : Epoch[980] Evaluation metric 'epoch_loss'=4.4757
2019-12-07 18:55:39 INFO     _base               : Epoch[990] Learning rate is 0.0009585442459283113
2019-12-07 18:55:48 INFO     _base               : Epoch[990] Elapsed time 9.121 seconds
2019-12-07 18:55:48 INFO     _base               : Epoch[990] Evaluation metric 'epoch_loss'=4.5247
2019-12-07 18:57:10 INFO     _base               : Loading parameters from best epoch (972)
2019-12-07 18:57:10 INFO     _base               : Final loss: 4.3620 occurred at epoch 972
2019-12-07 18:57:10 INFO     _base               : End model training
2019-12-07 18:57:12 INFO     plos_m3             : MASE  : 0.976384
2019-12-07 18:57:12 INFO     plos_m3             : sMAPE : 11.923
2019-12-07 18:57:12 INFO     build_final         : Loss: 0.9764

NOT seasonal
NOT seasonal
NOT seasonal
NOT seasonal
NOT seasonal
NOT seasonal
NOT seasonal
NOT seasonal
NOT seasonal
NOT seasonal
NOT seasonal
NOT seasonal
NOT seasonal
NOT seasonal
NOT seasonal
NOT seasonal
NOT seasonal
NOT seasonal
NOT seasonal
NOT seasonal
NOT seasonal
NOT seasonal
NOT seasonal
NOT seasonal
NOT seasonal
NOT seasonal
NOT seasonal
NOT seasonal
NOT seasonal
NOT seasonal
NOT seasonal
NOT seasonal
NOT seasonal
NOT seasonal
NOT seasonal
NOT seasonal
NOT seasonal
NOT seasonal
NOT seasonal
NOT seasonal
NOT seasonal
NOT seasonal
NOT seasonal
NOT seasonal
NOT seasonal
NOT seasonal
NOT seasonal
NOT seasonal
NOT seasonal
NOT seasonal
NOT seasonal
NOT seasonal
NOT seasonal
NOT seasonal
NOT seasonal
NOT seasonal
NOT seasonal
NOT seasonal
NOT seasonal
NOT seasonal
NOT seasonal
NOT seasonal
NOT seasonal
NOT seasonal
NOT seasonal
NOT seasonal
NOT seasonal
NOT seasonal
NOT seasonal
NOT seasonal
NOT seasonal
NOT seasonal
NOT seasonal
NOT seasonal
NOT seasonal
NOT seasonal
NOT seasonal
NOT seasonal
NOT seasonal
NOT seasonal
NOT seasonal
NOT seasonal
NOT seasonal
NOT seasonal
NOT seasonal
NOT seasonal
NOT seasonal
NOT seasonal
NOT seasonal
NOT seasonal
NOT seasonal
NOT seasonal
NOT seasonal
NOT seasonal
NOT seasonal
NOT seasonal
NOT seasonal
NOT seasonal
NOT seasonal
NOT seasonal
NOT seasonal
NOT seasonal
NOT seasonal
NOT seasonal
NOT seasonal
NOT seasonal
NOT seasonal
NOT seasonal
NOT seasonal
NOT seasonal
NOT seasonal
NOT seasonal
NOT seasonal
NOT seasonal
NOT seasonal
NOT seasonal
NOT seasonal
NOT seasonal
NOT seasonal
NOT seasonal
NOT seasonal
NOT seasonal
NOT seasonal
NOT seasonal
NOT seasonal
NOT seasonal
NOT seasonal
NOT seasonal
NOT seasonal
NOT seasonal
NOT seasonal
NOT seasonal
NOT seasonal
NOT seasonal
NOT seasonal
NOT seasonal
NOT seasonal
NOT seasonal
NOT seasonal
NOT seasonal
NOT seasonal
NOT seasonal
NOT seasonal
NOT seasonal
NOT seasonal
NOT seasonal
NOT seasonal
NOT seasonal
NOT seasonal
NOT seasonal
NOT seasonal
NOT seasonal
NOT seasonal
NOT seasonal
NOT seasonal
NOT seasonal
NOT seasonal
NOT seasonal
NOT seasonal
NOT seasonal
NOT seasonal
NOT seasonal
NOT seasonal
NOT seasonal
NOT seasonal
NOT seasonal
NOT seasonal
NOT seasonal
NOT seasonal
NOT seasonal
NOT seasonal
NOT seasonal
NOT seasonal
NOT seasonal
NOT seasonal
NOT seasonal
NOT seasonal
NOT seasonal
NOT seasonal
NOT seasonal
NOT seasonal
NOT seasonal
NOT seasonal
NOT seasonal
NOT seasonal
NOT seasonal
NOT seasonal
NOT seasonal
NOT seasonal
NOT seasonal
NOT seasonal
NOT seasonal
NOT seasonal
NOT seasonal
NOT seasonal
NOT seasonal
NOT seasonal
NOT seasonal
NOT seasonal
NOT seasonal
NOT seasonal
NOT seasonal
NOT seasonal
NOT seasonal
NOT seasonal
NOT seasonal
NOT seasonal
NOT seasonal
NOT seasonal
NOT seasonal
NOT seasonal
NOT seasonal
NOT seasonal
NOT seasonal
NOT seasonal
NOT seasonal
NOT seasonal
NOT seasonal
NOT seasonal
NOT seasonal
NOT seasonal
NOT seasonal
NOT seasonal
NOT seasonal
NOT seasonal
NOT seasonal
NOT seasonal
NOT seasonal
NOT seasonal
NOT seasonal
NOT seasonal
NOT seasonal
NOT seasonal
NOT seasonal
NOT seasonal
NOT seasonal
NOT seasonal
NOT seasonal
NOT seasonal
NOT seasonal
NOT seasonal
NOT seasonal
NOT seasonal
NOT seasonal
NOT seasonal
NOT seasonal
NOT seasonal
NOT seasonal
NOT seasonal
NOT seasonal
NOT seasonal
NOT seasonal
NOT seasonal
NOT seasonal
NOT seasonal
NOT seasonal
NOT seasonal
NOT seasonal
NOT seasonal
NOT seasonal
NOT seasonal
NOT seasonal
NOT seasonal
NOT seasonal
NOT seasonal
NOT seasonal
NOT seasonal
NOT seasonal
NOT seasonal
NOT seasonal
NOT seasonal
NOT seasonal
NOT seasonal
NOT seasonal
NOT seasonal
NOT seasonal
NOT seasonal
NOT seasonal
NOT seasonal
NOT seasonal
NOT seasonal
NOT seasonal
NOT seasonal
NOT seasonal
NOT seasonal
NOT seasonal
NOT seasonal
NOT seasonal
NOT seasonal
NOT seasonal
NOT seasonal
NOT seasonal
NOT seasonal
NOT seasonal
NOT seasonal
NOT seasonal
NOT seasonal
NOT seasonal
NOT seasonal
NOT seasonal
NOT seasonal
NOT seasonal
NOT seasonal
NOT seasonal
NOT seasonal
NOT seasonal
NOT seasonal
NOT seasonal
NOT seasonal
NOT seasonal
NOT seasonal
NOT seasonal
NOT seasonal
NOT seasonal
NOT seasonal
NOT seasonal
NOT seasonal
NOT seasonal
NOT seasonal
NOT seasonal
NOT seasonal
NOT seasonal
NOT seasonal
NOT seasonal
NOT seasonal
NOT seasonal
NOT seasonal
NOT seasonal
NOT seasonal
NOT seasonal
NOT seasonal
NOT seasonal
NOT seasonal
NOT seasonal
NOT seasonal
NOT seasonal
NOT seasonal
NOT seasonal
NOT seasonal
NOT seasonal
NOT seasonal
NOT seasonal
NOT seasonal
NOT seasonal
NOT seasonal
NOT seasonal
NOT seasonal
NOT seasonal
NOT seasonal
NOT seasonal
NOT seasonal
NOT seasonal
NOT seasonal
NOT seasonal
NOT seasonal
NOT seasonal
NOT seasonal
NOT seasonal
NOT seasonal
NOT seasonal
NOT seasonal
NOT seasonal
NOT seasonal
NOT seasonal
NOT seasonal
NOT seasonal
NOT seasonal
NOT seasonal
NOT seasonal
NOT seasonal
NOT seasonal
NOT seasonal
NOT seasonal
NOT seasonal
NOT seasonal
NOT seasonal
NOT seasonal
NOT seasonal
NOT seasonal
NOT seasonal
NOT seasonal
NOT seasonal
NOT seasonal
NOT seasonal
NOT seasonal
NOT seasonal
NOT seasonal
NOT seasonal
NOT seasonal
NOT seasonal
NOT seasonal
NOT seasonal
NOT seasonal
NOT seasonal
NOT seasonal
NOT seasonal
NOT seasonal
NOT seasonal
NOT seasonal
NOT seasonal
NOT seasonal
NOT seasonal
NOT seasonal
NOT seasonal
NOT seasonal
NOT seasonal
NOT seasonal
NOT seasonal
NOT seasonal
NOT seasonal
NOT seasonal
NOT seasonal
NOT seasonal
NOT seasonal
[1, 2, 3, 4, 5, 6, 7, 11, 12, 13, 23, 24, 25, 35, 36, 37]
[1, 2, 3, 4, 5, 6, 7, 11, 12, 13, 23, 24, 25, 35, 36, 37]
